<?xml version="1.0" encoding="UTF-8"?>
<!-- Generated by org.testng.reporters.JUnitReportReporter -->
<testsuite skipped="0" hostname="Anupam1" name="com.lambda.cert.automation.AppTest" tests="1" failures="0" timestamp="31 Jul 2021 15:24:14 GMT" time="13.809" errors="0">
  <testcase name="testScript" time="13.809" classname="com.lambda.cert.automation.AppTest"/>
</testsuite> <!-- com.lambda.cert.automation.AppTest -->
